2025-07-23 00:32:38,434 - INFO - User 'Malki' added successfully.
2025-07-23 00:32:53,886 - INFO - User 'Malki' deleted successfully.
2025-07-23 00:33:30,423 - ERROR - Failed to modify user 'sithara': Command '['sudo', 'usermod', '-s', '12', 'sithara']' returned non-zero exit status 3.
2025-07-23 00:33:57,810 - INFO - Group 'enterprises' created successfully.
2025-07-23 00:34:11,597 - ERROR - Failed to delete group 'ghh': Command '['sudo', 'groupdel', 'ghh']' returned non-zero exit status 6.
2025-07-23 00:47:33,435 - INFO - User 'thak' added successfully.
2025-07-23 01:09:30,055 - INFO - User 'thakshi' added successfully.
2025-07-23 01:11:39,531 - INFO - User 'thakshi' modified with -l = thak1
2025-07-23 01:11:50,331 - INFO - User 'thak1' deleted successfully.
2025-07-23 01:12:27,407 - INFO - Group 'cyber' created successfully.
2025-07-23 01:12:47,968 - INFO - User 'sithara' added to group 'cyber' successfully.
2025-07-23 01:14:18,406 - ERROR - Failed to change permissions for '/etc/psswd': Command '['chmod', '777', '/etc/psswd']' returned non-zero exit status 1.
2025-07-23 01:15:11,977 - ERROR - Failed to change permissions for '/Desktop/test2.py': Command '['chmod', '777', '/Desktop/test2.py']' returned non-zero exit status 1.
2025-07-23 01:17:14,796 - ERROR - Failed to change permissions for '/home/Thakshala/Desktop/mydir
': Command '['chmod', '740', '/home/Thakshala/Desktop/mydir\n']' returned non-zero exit status 1.
2025-07-23 01:17:45,853 - INFO - User 'Thakshala' added to group 'cyber' successfully.
2025-07-23 01:59:13,549 - INFO - User 'sithara' deleted successfully.
2025-07-23 02:09:45,786 - INFO - User 'Rashini' added successfully.
2025-07-23 02:10:05,079 - INFO - User 'Rashini' deleted successfully.
2025-07-23 02:10:48,223 - ERROR - Failed to modify user 'Rashini' with -l Rash: Command '['sudo', 'usermod', '-l', 'Rash', 'Rashini']' returned non-zero exit status 6.
2025-07-23 02:11:09,343 - INFO - User 'Sithara' added successfully.
2025-07-23 02:11:31,520 - INFO - User 'Sithara' modified with -l = Sithruu
2025-07-23 02:11:49,073 - INFO - Group 'Security' created successfully.
2025-07-23 02:12:04,545 - INFO - Group 'Security' deleted successfully.
2025-07-23 02:12:33,198 - INFO - User 'Sithruu' added to group 'cyber' successfully.
2025-07-23 02:13:43,074 - INFO - Permissions for '/home/Thakshala/Desktop/mydir' changed to '740'.
2025-07-23 02:14:20,546 - ERROR - Failed to change owner of '/home/Thakshala/Desktop/mydir': Command '['chown', 'Sithruu', '/home/Thakshala/Desktop/mydir']' returned non-zero exit status 1.
2025-07-23 02:14:56,070 - ERROR - Failed to change owner of '/home/Thakshala/Desktop/mydir': Command '['chown', 'Sithruu', '/home/Thakshala/Desktop/mydir']' returned non-zero exit status 1.
2025-07-23 02:15:22,555 - INFO - Permissions for '/home/Thakshala/Desktop/mydir' changed to '777'.
2025-07-23 02:15:25,682 - ERROR - Failed to change owner of '/home/Thakshala/Desktop/mydir': Command '['chown', 'Sithruu', '/home/Thakshala/Desktop/mydir']' returned non-zero exit status 1.
